<?xml version="1.0" encoding="UTF-8"?>
<testng-results ignored="0" total="1" passed="1" failed="0" skipped="0">
  <reporter-output>
  </reporter-output>
  <suite started-at="2022-10-07T11:42:44 IST" name="Default suite" finished-at="2022-10-07T11:42:59 IST" duration-ms="14773">
    <groups>
    </groups>
    <test started-at="2022-10-07T11:42:44 IST" name="Default test" finished-at="2022-10-07T11:42:59 IST" duration-ms="14773">
      <class name="TestNG.Login">
        <test-method is-config="true" signature="beforeMethod()[pri:0, instance:TestNG.Login@126be319]" started-at="2022-10-07T11:42:45 IST" name="beforeMethod" finished-at="2022-10-07T11:42:50 IST" duration-ms="5189" status="PASS">
          <reporter-output>
          </reporter-output>
        </test-method> <!-- beforeMethod -->
        <test-method signature="f()[pri:0, instance:TestNG.Login@126be319]" started-at="2022-10-07T11:42:50 IST" name="f" finished-at="2022-10-07T11:42:52 IST" duration-ms="2285" status="PASS">
          <reporter-output>
          </reporter-output>
        </test-method> <!-- f -->
        <test-method is-config="true" signature="afterMethod()[pri:0, instance:TestNG.Login@126be319]" started-at="2022-10-07T11:42:52 IST" name="afterMethod" finished-at="2022-10-07T11:42:59 IST" duration-ms="7160" status="PASS">
          <reporter-output>
          </reporter-output>
        </test-method> <!-- afterMethod -->
      </class> <!-- TestNG.Login -->
    </test> <!-- Default test -->
  </suite> <!-- Default suite -->
</testng-results>
